  Un sous-répertoire ou un fichier ..\lib\public\x64 existe déjà.
  3dnow.cpp
  almostequal.cpp
  anorms.cpp
  bumpvects.cpp
  color_conversion.cpp
  halton.cpp
  IceKey.cpp
  imagequant.cpp
  lightdesc.cpp
  mathlib_base.cpp
  polyhedron.cpp
  powsse.cpp
  quantize.cpp
  randsse.cpp
  simdvectormatrix.cpp
  sparse_convolution_noise.cpp
  spherical.cpp
  sse.cpp
  sseconst.cpp
  ssenoise.cpp
  vector.cpp
  vmatrix.cpp
  mathlib_win64.vcxproj -> C:\Users\lumin\Desktop\SourceSDK2013-64-ficool\src\lib\public\x64\mathlib.lib
